<?xml version="1.0" encoding="UTF-8"?>
<testng-results ignored="0" total="3" passed="3" failed="0" skipped="0">
  <reporter-output>
  </reporter-output>
  <suite started-at="2021-10-21T22:33:47 PET" name="Command line suite" finished-at="2021-10-21T22:33:47 PET" duration-ms="95">
    <groups>
    </groups>
    <test started-at="2021-10-21T22:33:47 PET" name="Command line test" finished-at="2021-10-21T22:33:47 PET" duration-ms="95">
      <class name="com.pc.TestLibro">
        <test-method signature="test01()[pri:0, instance:com.pc.TestLibro@65bcf7c2]" started-at="2021-10-21T22:33:47 PET" name="test01" finished-at="2021-10-21T22:33:47 PET" duration-ms="0" status="PASS">
          <reporter-output>
          </reporter-output>
        </test-method> <!-- test01 -->
      </class> <!-- com.pc.TestLibro -->
      <class name="com.pc.TestBioAlert">
        <test-method signature="test01()[pri:0, instance:com.pc.TestBioAlert@7159139f]" started-at="2021-10-21T22:33:47 PET" name="test01" finished-at="2021-10-21T22:33:47 PET" duration-ms="14" status="PASS">
          <reporter-output>
          </reporter-output>
        </test-method> <!-- test01 -->
      </class> <!-- com.pc.TestBioAlert -->
      <class name="com.pc.TestMain">
        <test-method signature="tesbase()[pri:0, instance:com.pc.TestMain@3db64bd4]" started-at="2021-10-21T22:33:47 PET" name="tesbase" finished-at="2021-10-21T22:33:47 PET" duration-ms="0" status="PASS">
          <reporter-output>
          </reporter-output>
        </test-method> <!-- tesbase -->
      </class> <!-- com.pc.TestMain -->
    </test> <!-- Command line test -->
  </suite> <!-- Command line suite -->
</testng-results>
