<?xml version="1.0" encoding="UTF-8"?>
<!-- Generated by org.testng.reporters.JUnitXMLReporter -->
<testsuite ignored="0" hostname="DESKTOP-RU3B837" failures="0" tests="3" name="Command line test" time="0.102" errors="0" timestamp="2021-10-21T22:37:26 PET">
  <testcase classname="com.pc.TestBioAlert" name="test01" time="0.011"/>
  <testcase classname="com.pc.TestLibro" name="test01" time="0.009"/>
  <testcase classname="com.pc.TestMain" name="tesbase" time="0.0"/>
</testsuite> <!-- Command line test -->
